0 info it worked if it ends with ok
1 verbose cli [ '/usr/bin/node', '/usr/bin/npm', 'start' ]
2 info using npm@3.10.10
3 info using node@v6.10.1
4 verbose run-script [ 'prestart', 'start', 'poststart' ]
5 info lifecycle wattmail@0.0.0~prestart: wattmail@0.0.0
6 silly lifecycle wattmail@0.0.0~prestart: no script for prestart, continuing
7 info lifecycle wattmail@0.0.0~start: wattmail@0.0.0
8 verbose lifecycle wattmail@0.0.0~start: unsafe-perm in lifecycle true
9 verbose lifecycle wattmail@0.0.0~start: PATH: /usr/lib/node_modules/npm/bin/node-gyp-bin:/home/ce5/ar339/git/NetworkApps/wattmail/node_modules/.bin:/opt/texlive/current/bin/x86_64-linux:/usr/lib64/qt-3.3/bin:/opt/mono/bin:/opt/icub/bin:/opt/AMDAPP/bin:/usr/local/bin:/usr/bin:/bin:/usr/local/sbin:/usr/sbin:/sbin:/opt/ns235/bin:/usr/trinity-compat/bin:/usr/hosts
10 verbose lifecycle wattmail@0.0.0~start: CWD: /home/ce5/ar339/git/NetworkApps/wattmail
11 silly lifecycle wattmail@0.0.0~start: Args: [ '-c', 'node ./bin/www' ]
12 silly lifecycle wattmail@0.0.0~start: Returned: code: 1  signal: null
13 info lifecycle wattmail@0.0.0~start: Failed to exec start script
14 verbose stack Error: wattmail@0.0.0 start: `node ./bin/www`
14 verbose stack Exit status 1
14 verbose stack     at EventEmitter.<anonymous> (/usr/lib/node_modules/npm/lib/utils/lifecycle.js:255:16)
14 verbose stack     at emitTwo (events.js:106:13)
14 verbose stack     at EventEmitter.emit (events.js:191:7)
14 verbose stack     at ChildProcess.<anonymous> (/usr/lib/node_modules/npm/lib/utils/spawn.js:40:14)
14 verbose stack     at emitTwo (events.js:106:13)
14 verbose stack     at ChildProcess.emit (events.js:191:7)
14 verbose stack     at maybeClose (internal/child_process.js:886:16)
14 verbose stack     at Process.ChildProcess._handle.onexit (internal/child_process.js:226:5)
15 verbose pkgid wattmail@0.0.0
16 verbose cwd /home/ce5/ar339/git/NetworkApps/wattmail
17 error Linux 2.6.32-696.el6.x86_64
18 error argv "/usr/bin/node" "/usr/bin/npm" "start"
19 error node v6.10.1
20 error npm  v3.10.10
21 error code ELIFECYCLE
22 error wattmail@0.0.0 start: `node ./bin/www`
22 error Exit status 1
23 error Failed at the wattmail@0.0.0 start script 'node ./bin/www'.
23 error Make sure you have the latest version of node.js and npm installed.
23 error If you do, this is most likely a problem with the wattmail package,
23 error not with npm itself.
23 error Tell the author that this fails on your system:
23 error     node ./bin/www
23 error You can get information on how to open an issue for this project with:
23 error     npm bugs wattmail
23 error Or if that isn't available, you can get their info via:
23 error     npm owner ls wattmail
23 error There is likely additional logging output above.
24 verbose exit [ 1, true ]
